build/app/outputs/mapping/release/seeds.txt
com.bumptech.glide.manager.RequestManagerFragment: RequestManagerFragment()
io.flutter.embedding.engine.systemchannels.LifecycleChannel$AppLifecycleState: io.flutter.embedding.engine.systemchannels.LifecycleChannel$AppLifecycleState[] values()
androidx.core.app.ActivityCompat$Api16Impl: void finishAffinity(android.app.Activity)
androidx.window.embedding.ActivityRule: androidx.window.embedding.ActivityRule plus$window_release(androidx.window.embedding.ActivityFilter)
androidx.appcompat.widget.AppCompatAutoCompleteTextView: void setCustomSelectionActionModeCallback(android.view.ActionMode$Callback)
androidx.core.view.MenuItemCompat$Api26Impl: android.view.MenuItem setTooltipText(android.view.MenuItem,java.lang.CharSequence)
androidx.core.view.WindowInsetsCompat$Impl20: WindowInsetsCompat$Impl20(androidx.core.view.WindowInsetsCompat,android.view.WindowInsets)
kotlin.coroutines.jvm.internal.ContinuationImpl: kotlin.coroutines.CoroutineContext getContext()
androidx.appcompat.widget.SearchView$SearchAutoComplete: void setSearchView(androidx.appcompat.widget.SearchView)
androidx.media.AudioAttributesImplBase: AudioAttributesImplBase()
androidx.appcompat.widget.LinearLayoutCompat: void setOrientation(int)
androidx.appcompat.widget.Toolbar: android.view.MenuInflater getMenuInflater()
androidx.media.AudioAttributesCompat: AudioAttributesCompat()
androidx.core.view.ViewCompat$Api21Impl: void setTransitionName(android.view.View,java.lang.String)
androidx.appcompat.widget.ActionBarContainer: void setVisibility(int)
android.support.v4.media.MediaBrowserCompat$Api21Impl: int getFlags(android.media.browse.MediaBrowser$MediaItem)
androidx.window.layout.ExtensionWindowLayoutInfoBackend: void unregisterLayoutChangeCallback(androidx.core.util.Consumer)
io.flutter.embedding.engine.FlutterJNI: void nativeDispatchEmptyPlatformMessage(long,java.lang.String,int)
androidx.appcompat.widget.Toolbar: int getContentInsetEnd()
androidx.lifecycle.ReportFragment$LifecycleCallbacks: void onActivityStarted(android.app.Activity)
androidx.lifecycle.ReportFragment$LifecycleCallbacks: void onActivityPreDestroyed(android.app.Activity)
androidx.core.app.NotificationCompatBuilder$Api21Impl: android.app.Notification$Builder setVisibility(android.app.Notification$Builder,int)
androidx.core.view.ViewGroupCompat$Api21Impl: int getNestedScrollAxes(android.view.ViewGroup)
androidx.window.layout.WindowInfoTracker$-CC: void reset()
io.flutter.plugin.platform.PlatformViewWrapper: void setLayoutParams(android.widget.FrameLayout$LayoutParams)
com.bumptech.glide.request.RequestOptions: RequestOptions()
androidx.core.view.ViewGroupCompat$Api21Impl: boolean isTransitionGroup(android.view.ViewGroup)
androidx.appcompat.widget.AppCompatCheckBox: android.graphics.PorterDuff$Mode getSupportBackgroundTintMode()
com.bumptech.glide.GlideBuilder$UseLifecycleInsteadOfInjectingFragments: GlideBuilder$UseLifecycleInsteadOfInjectingFragments()
androidx.recyclerview.widget.RecyclerView: long getNanoTime()
androidx.appcompat.widget.Toolbar: void setNavigationContentDescription(java.lang.CharSequence)
androidx.core.app.NotificationCompatBuilder$Api31Impl: android.app.Notification$Action$Builder setAuthenticationRequired(android.app.Notification$Action$Builder,boolean)
androidx.core.os.TraceCompat$Api18Impl: void endSection()
androidx.appcompat.widget.ActionBarContextView: void setTitle(java.lang.CharSequence)
androidx.fragment.app.FragmentTransaction$Op: FragmentTransaction$Op()
androidx.core.view.ViewCompat$Api23Impl: androidx.core.view.WindowInsetsCompat getRootWindowInsets(android.view.View)
androidx.appcompat.widget.AppCompatRadioButton: android.graphics.PorterDuff$Mode getSupportButtonTintMode()
jp.espresso3389.pdf_render.ByteBufferHelper: long malloc(long)