build/app/outputs/mapping/release/mapping.txt
# compiler: R8
# compiler_version: 3.3.70
# min_api: 21
# common_typos_disable
# {"id":"com.android.tools.r8.mapping","version":"2.0"}
# pg_map_id: 8c64af1
# pg_map_hash: SHA-256 8c64af173e326fa8a3e96a6a1143efc72c62092a780f6616ce8cf8c7f725b983
...
com.github.florent37.assets_audio_player.AssetsAudioPlayer$getOrCreatePlayer$1$1$16 -> l1.b$h:
    io.flutter.plugin.common.MethodChannel $channel -> f
    void invoke(com.github.florent37.assets_audio_player.AssetAudioPlayerThrowable) -> a
com.github.florent37.assets_audio_player.AssetsAudioPlayer$getOrCreatePlayer$1$1$2 -> l1.b$j:
    io.flutter.plugin.common.MethodChannel $channel -> f
    void invoke(double) -> a
com.github.florent37.assets_audio_player.AssetsAudioPlayer$getOrCreatePlayer$1$1$3 -> l1.b$k:
    io.flutter.plugin.common.MethodChannel $channel -> f
    void invoke(double) -> a
com.github.florent37.assets_audio_player.AssetsAudioPlayer$getOrCreatePlayer$1$1$4 -> l1.b$l:
    io.flutter.plugin.common.MethodChannel $channel -> f
    void invoke(double) -> a
com.github.florent37.assets_audio_player.AssetsAudioPlayer$getOrCreatePlayer$1$1$5 -> l1.b$m:
    io.flutter.plugin.common.MethodChannel $channel -> f
    void invoke(long) -> a
com.github.florent37.assets_audio_player.AssetsAudioPlayer$getOrCreatePlayer$1$1$6 -> l1.b$n:
    io.flutter.plugin.common.MethodChannel $channel -> f
    void invoke(long) -> a
com.github.florent37.assets_audio_player.AssetsAudioPlayer$getOrCreatePlayer$1$1$7 -> l1.b$o:
    io.flutter.plugin.common.MethodChannel $channel -> f
    void invoke(int) -> a
com.github.florent37.assets_audio_player.AssetsAudioPlayer$getOrCreatePlayer$1$1$8 -> l1.b$p:
    io.flutter.plugin.common.MethodChannel $channel -> f
    void invoke(boolean) -> a
com.github.florent37.assets_audio_player.AssetsAudioPlayer$getOrCreatePlayer$1$1$9 -> l1.b$q:
    io.flutter.plugin.common.MethodChannel $channel -> f
    void invoke(boolean) -> a
com.github.florent37.assets_audio_player.AssetsAudioPlayer$onHeadsetPluggedListener$1 -> l1.b$r:
    com.github.florent37.assets_audio_player.AssetsAudioPlayer this$0 -> f
    void invoke(boolean) -> a
com.github.florent37.assets_audio_player.AssetsAudioPlayer$register$1 -> l1.b$s:
    com.github.florent37.assets_audio_player.AssetsAudioPlayer this$0 -> f
    void invoke(com.github.florent37.assets_audio_player.notification.MediaButtonsReceiver$MediaButtonAction) -> a
com.github.florent37.assets_audio_player.AssetsAudioPlayer$register$2 -> l1.b$t:
    com.github.florent37.assets_audio_player.AssetsAudioPlayer this$0 -> f
    void invoke(long) -> a
com.github.florent37.assets_audio_player.AssetsAudioPlayer$stopWhenCallListener$1 -> l1.b$u:
    com.github.florent37.assets_audio_player.AssetsAudioPlayer this$0 -> a
    void onPhoneStateChanged(com.github.florent37.assets_audio_player.stopwhencall.StopWhenCall$AudioState) -> a
com.github.florent37.assets_audio_player.AssetsAudioPlayerPlugin -> l1.c:
    android.app.Activity myActivity -> f
    com.github.florent37.assets_audio_player.AssetsAudioPlayerPlugin instance -> j
    com.github.florent37.assets_audio_player.AssetsAudioPlayer assetsAudioPlayer -> h
    boolean displayLogs -> k
    com.github.florent37.assets_audio_player.AssetsAudioPlayerPlugin$Companion Companion -> i
    io.flutter.plugin.common.MethodChannel notificationChannel -> g
    boolean access$getDisplayLogs$cp() -> a
    com.github.florent37.assets_audio_player.AssetsAudioPlayerPlugin access$getInstance$cp() -> b
    void onAttachedToActivity(io.flutter.embedding.engine.plugins.activity.ActivityPluginBinding) -> c
    com.github.florent37.assets_audio_player.AssetsAudioPlayer getAssetsAudioPlayer() -> d
    boolean onNewIntent(android.content.Intent) -> e
    void onAttachedToEngine(io.flutter.embedding.engine.plugins.FlutterPlugin$FlutterPluginBinding) -> f
    void onDetachedFromActivityForConfigChanges() -> g
    void onDetachedFromEngine(io.flutter.embedding.engine.plugins.FlutterPlugin$FlutterPluginBinding) -> h
    void onDetachedFromActivity() -> i
    void onReattachedToActivityForConfigChanges(io.flutter.embedding.engine.plugins.activity.ActivityPluginBinding) -> j
    java.lang.Boolean sendNotificationPayloadMessage(android.content.Intent) -> k